current directory: /Users/vlad/Projects/testhq/replitBarbershopN/.bundle/ruby/3.2.0/gems/puma-6.3.0/ext/puma_http11
/Users/vlad/.rbenv/versions/3.2.2/bin/ruby extconf.rb
checking for BIO_read() in -llibcrypto... no
checking for BIO_read() in -lcrypto... yes
checking for SSL_CTX_new() in -lssl... yes
checking for openssl/bio.h... yes
checking for DTLS_method() in openssl/ssl.h... yes
checking for SSL_CTX_set_session_cache_mode(NULL, 0) in openssl/ssl.h... yes
checking for TLS_server_method() in openssl/ssl.h... yes
checking for SSL_CTX_set_min_proto_version(NULL, 0) in openssl/ssl.h... yes
checking for X509_STORE_up_ref()... yes
checking for SSL_CTX_set_ecdh_auto(NULL, 0) in openssl/ssl.h... yes
checking for SSL_CTX_set_dh_auto(NULL, 0) in openssl/ssl.h... yes
checking for SSL_get1_peer_certificate() in openssl/ssl.h... yes
checking for Random.bytes... yes
creating Makefile

current directory: /Users/vlad/Projects/testhq/replitBarbershopN/.bundle/ruby/3.2.0/gems/puma-6.3.0/ext/puma_http11
make DESTDIR\= sitearchdir\=./.gem.20230709-53284-jms0q sitelibdir\=./.gem.20230709-53284-jms0q clean

current directory: /Users/vlad/Projects/testhq/replitBarbershopN/.bundle/ruby/3.2.0/gems/puma-6.3.0/ext/puma_http11
make DESTDIR\= sitearchdir\=./.gem.20230709-53284-jms0q sitelibdir\=./.gem.20230709-53284-jms0q
compiling http11_parser.c
compiling mini_ssl.c
compiling puma_http11.c
linking shared-object puma/puma_http11.bundle

current directory: /Users/vlad/Projects/testhq/replitBarbershopN/.bundle/ruby/3.2.0/gems/puma-6.3.0/ext/puma_http11
make DESTDIR\= sitearchdir\=./.gem.20230709-53284-jms0q sitelibdir\=./.gem.20230709-53284-jms0q install
/usr/local/bin/ginstall -c -m 0755 puma_http11.bundle ./.gem.20230709-53284-jms0q/puma

current directory: /Users/vlad/Projects/testhq/replitBarbershopN/.bundle/ruby/3.2.0/gems/puma-6.3.0/ext/puma_http11
make DESTDIR\= sitearchdir\=./.gem.20230709-53284-jms0q sitelibdir\=./.gem.20230709-53284-jms0q clean
